
**** Build of configuration Debug for project commons ****

make all 
Building file: ../commons/collections/dictionary.c
Invoking: GCC C Compiler
gcc -O0 -g3 -Wall -c -fmessage-length=0 -fPIC -MMD -MP -MF"commons/collections/dictionary.d" -MT"commons/collections/dictionary.d" -o "commons/collections/dictionary.o" "../commons/collections/dictionary.c"
Finished building: ../commons/collections/dictionary.c
 
Building file: ../commons/collections/list.c
Invoking: GCC C Compiler
gcc -O0 -g3 -Wall -c -fmessage-length=0 -fPIC -MMD -MP -MF"commons/collections/list.d" -MT"commons/collections/list.d" -o "commons/collections/list.o" "../commons/collections/list.c"
Finished building: ../commons/collections/list.c
 
Building file: ../commons/collections/queue.c
Invoking: GCC C Compiler
gcc -O0 -g3 -Wall -c -fmessage-length=0 -fPIC -MMD -MP -MF"commons/collections/queue.d" -MT"commons/collections/queue.d" -o "commons/collections/queue.o" "../commons/collections/queue.c"
Finished building: ../commons/collections/queue.c
 
Building file: ../commons/bitarray.c
Invoking: GCC C Compiler
gcc -O0 -g3 -Wall -c -fmessage-length=0 -fPIC -MMD -MP -MF"commons/bitarray.d" -MT"commons/bitarray.d" -o "commons/bitarray.o" "../commons/bitarray.c"
Finished building: ../commons/bitarray.c
 
Building file: ../commons/config.c
Invoking: GCC C Compiler
gcc -O0 -g3 -Wall -c -fmessage-length=0 -fPIC -MMD -MP -MF"commons/config.d" -MT"commons/config.d" -o "commons/config.o" "../commons/config.c"
Finished building: ../commons/config.c
 
Building file: ../commons/error.c
Invoking: GCC C Compiler
gcc -O0 -g3 -Wall -c -fmessage-length=0 -fPIC -MMD -MP -MF"commons/error.d" -MT"commons/error.d" -o "commons/error.o" "../commons/error.c"
Finished building: ../commons/error.c
 
Building file: ../commons/log.c
Invoking: GCC C Compiler
gcc -O0 -g3 -Wall -c -fmessage-length=0 -fPIC -MMD -MP -MF"commons/log.d" -MT"commons/log.d" -o "commons/log.o" "../commons/log.c"
Finished building: ../commons/log.c
 
Building file: ../commons/pcb.c
Invoking: GCC C Compiler
gcc -O0 -g3 -Wall -c -fmessage-length=0 -fPIC -MMD -MP -MF"commons/pcb.d" -MT"commons/pcb.d" -o "commons/pcb.o" "../commons/pcb.c"
Finished building: ../commons/pcb.c
 
Building file: ../commons/string.c
Invoking: GCC C Compiler
gcc -O0 -g3 -Wall -c -fmessage-length=0 -fPIC -MMD -MP -MF"commons/string.d" -MT"commons/string.d" -o "commons/string.o" "../commons/string.c"
Finished building: ../commons/string.c
 
Building file: ../commons/temporal.c
Invoking: GCC C Compiler
gcc -O0 -g3 -Wall -c -fmessage-length=0 -fPIC -MMD -MP -MF"commons/temporal.d" -MT"commons/temporal.d" -o "commons/temporal.o" "../commons/temporal.c"
Finished building: ../commons/temporal.c
 
Building target: libcommons.so
Invoking: GCC C Linker
gcc -shared -o "libcommons.so"  ./commons/collections/dictionary.o ./commons/collections/list.o ./commons/collections/queue.o  ./commons/bitarray.o ./commons/config.o ./commons/error.o ./commons/log.o ./commons/pcb.o ./commons/string.o ./commons/temporal.o   
Finished building target: libcommons.so
 

**** Build Finished ****

**** Build of configuration Debug for project commons ****

make all 
make: No se hace nada para «all».

**** Build Finished ****

**** Build of configuration Debug for project pi ****

make all 
Building file: ../src/pi.c
Invoking: GCC C Compiler
gcc -I"/home/utnso/2012-2c-medrano-y-labashe/procer/commons" -O0 -g3 -Wall -c -fmessage-length=0 -MMD -MP -MF"src/pi.d" -MT"src/pi.d" -o "src/pi.o" "../src/pi.c"
../src/pi.c: En la función ‘main’:
../src/pi.c:19:13: error: expected expression before ‘void’
../src/pi.c:19:13: error: demasiados argumentos para la función ‘cargar_pcb’
/home/utnso/2012-2c-medrano-y-labashe/procer/commons/commons/pcb.h:43:5: nota: se declara aquí
make: *** [src/pi.o] Error 1

**** Build Finished ****

**** Build of configuration Debug for project commons ****

make all 
make: No se hace nada para «all».

**** Build Finished ****

**** Build of configuration Debug for project pi ****

make all 
Building file: ../src/pi.c
Invoking: GCC C Compiler
gcc -I"/home/utnso/2012-2c-medrano-y-labashe/procer/commons" -O0 -g3 -Wall -c -fmessage-length=0 -MMD -MP -MF"src/pi.d" -MT"src/pi.d" -o "src/pi.o" "../src/pi.c"
Finished building: ../src/pi.c
 
Building target: pi
Invoking: GCC C Linker
gcc -L"/home/utnso/2012-2c-medrano-y-labashe/procer/commons/Debug" -o "pi"  ./src/pi.o   -lcommons
Finished building target: pi
 

**** Build Finished ****

**** Build of configuration Debug for project commons ****

make all 
make: No se hace nada para «all».

**** Build Finished ****

**** Build of configuration Debug for project commons ****

make all 
make: No se hace nada para «all».

**** Build Finished ****

**** Build of configuration Debug for project pi ****

make all 
make: No se hace nada para «all».

**** Build Finished ****

**** Build of configuration Debug for project commons ****

make all 
make: No se hace nada para «all».

**** Build Finished ****

**** Build of configuration Debug for project pi ****

make all 
make: No se hace nada para «all».

**** Build Finished ****

**** Build of configuration Debug for project commons ****

make all 
make: No se hace nada para «all».

**** Build Finished ****

**** Build of configuration Debug for project pi ****

make all 
make: No se hace nada para «all».

**** Build Finished ****

**** Build of configuration Debug for project commons ****

make all 
make: No se hace nada para «all».

**** Build Finished ****

**** Build of configuration Debug for project commons ****

make all 
make: No se hace nada para «all».

**** Build Finished ****

**** Build of configuration Debug for project pi ****

make all 
make: No se hace nada para «all».

**** Build Finished ****

**** Build of configuration Debug for project commons ****

make all 
make: No se hace nada para «all».

**** Build Finished ****

**** Build of configuration Debug for project pi ****

make all 
Building file: ../src/pi.c
Invoking: GCC C Compiler
gcc -I"/home/utnso/2012-2c-medrano-y-labashe/procer/commons" -O0 -g3 -Wall -c -fmessage-length=0 -MMD -MP -MF"src/pi.d" -MT"src/pi.d" -o "src/pi.o" "../src/pi.c"
Finished building: ../src/pi.c
 
Building target: pi
Invoking: GCC C Linker
gcc -L"/home/utnso/2012-2c-medrano-y-labashe/procer/commons/Debug" -o "pi"  ./src/pi.o   -lcommons
Finished building target: pi
 

**** Build Finished ****

**** Build of configuration Debug for project pp ****

make all 
Building file: ../src/pp.c
Invoking: GCC C Compiler
gcc -I"/home/utnso/2012-2c-medrano-y-labashe/procer/commons" -O0 -g3 -Wall -c -fmessage-length=0 -MMD -MP -MF"src/pp.d" -MT"src/pp.d" -o "src/pp.o" "../src/pp.c"
Finished building: ../src/pp.c
 
Building target: pp
Invoking: GCC C Linker
gcc -L"/home/utnso/2012-2c-medrano-y-labashe/procer/commons/Debug" -o "pp"  ./src/pp.o   -lcommons
Finished building target: pp
 

**** Build Finished ****

**** Build of configuration Debug for project commons ****

make all 
make: No se hace nada para «all».

**** Build Finished ****

**** Build of configuration Debug for project commons ****

make all 
make: No se hace nada para «all».

**** Build Finished ****

**** Build of configuration Debug for project pp ****

make all 
make: No se hace nada para «all».

**** Build Finished ****

**** Build of configuration Debug for project commons ****

make all 
make: No se hace nada para «all».

**** Build Finished ****

**** Build of configuration Debug for project commons ****

make all 
make: No se hace nada para «all».

**** Build Finished ****

**** Build of configuration Debug for project pp ****

make all 
make: No se hace nada para «all».

**** Build Finished ****

**** Build of configuration Debug for project commons ****

make all 
make: No se hace nada para «all».

**** Build Finished ****

**** Build of configuration Debug for project commons ****

make all 
make: No se hace nada para «all».

**** Build Finished ****

**** Build of configuration Debug for project pp ****

make all 
make: No se hace nada para «all».

**** Build Finished ****

**** Build of configuration Debug for project commons ****

make all 
Building file: ../commons/pcb.c
Invoking: GCC C Compiler
gcc -O0 -g3 -Wall -c -fmessage-length=0 -fPIC -MMD -MP -MF"commons/pcb.d" -MT"commons/pcb.d" -o "commons/pcb.o" "../commons/pcb.c"
Finished building: ../commons/pcb.c
 
Building target: libcommons.so
Invoking: GCC C Linker
gcc -shared -o "libcommons.so"  ./commons/collections/dictionary.o ./commons/collections/list.o ./commons/collections/queue.o  ./commons/bitarray.o ./commons/config.o ./commons/error.o ./commons/log.o ./commons/pcb.o ./commons/string.o ./commons/temporal.o   
Finished building target: libcommons.so
 

**** Build Finished ****

**** Build of configuration Debug for project pi ****

make all 
Building target: pi
Invoking: GCC C Linker
gcc -L"/home/utnso/2012-2c-medrano-y-labashe/procer/commons/Debug" -o "pi"  ./src/pi.o   -lcommons
Finished building target: pi
 

**** Build Finished ****

**** Build of configuration Debug for project pp ****

make all 
Building file: ../src/pp.c
Invoking: GCC C Compiler
gcc -I"/home/utnso/2012-2c-medrano-y-labashe/procer/commons" -O0 -g3 -Wall -c -fmessage-length=0 -MMD -MP -MF"src/pp.d" -MT"src/pp.d" -o "src/pp.o" "../src/pp.c"
Finished building: ../src/pp.c
 
Building target: pp
Invoking: GCC C Linker
gcc -L"/home/utnso/2012-2c-medrano-y-labashe/procer/commons/Debug" -o "pp"  ./src/pp.o   -lcommons
Finished building target: pp
 

**** Build Finished ****

**** Build of configuration Debug for project commons ****

make all 
make: No se hace nada para «all».

**** Build Finished ****

**** Build of configuration Debug for project commons ****

make all 
make: No se hace nada para «all».

**** Build Finished ****

**** Build of configuration Debug for project pp ****

make all 
make: No se hace nada para «all».

**** Build Finished ****
